<?xml version="1.0" encoding="UTF-8"?>
<testng-results skipped="0" failed="0" total="1" passed="1">
  <reporter-output>
  </reporter-output>
  <suite name="Default suite" duration-ms="302" started-at="2017-02-07T01:03:04Z" finished-at="2017-02-07T01:03:04Z">
    <groups>
    </groups>
    <test name="Default test" duration-ms="302" started-at="2017-02-07T01:03:04Z" finished-at="2017-02-07T01:03:04Z">
      <class name="com.sqa.gy.SqlDbTest">
        <test-method status="PASS" signature="BasicTest()[pri:0, instance:com.sqa.gy.SqlDbTest@fa09c82]" name="BasicTest" duration-ms="269" started-at="2017-02-06T17:03:04Z" finished-at="2017-02-06T17:03:04Z">
          <reporter-output>
          </reporter-output>
        </test-method> <!-- BasicTest -->
      </class> <!-- com.sqa.gy.SqlDbTest -->
    </test> <!-- Default test -->
  </suite> <!-- Default suite -->
</testng-results>
